[0;34m[20:31:54][0m Verifying module information...
[0;32m[SUCCESS][0m Regression test environment initialized
[0;35m--- Module Loading and Basic Functionality ---[0m
[0;32m[SUCCESS][0m Test 1: Module Loading - PASSED
[0;31m[ERROR][0m Test 2: Parameter debug_level - FAILED
[0;31m[ERROR][0m Test 3: Parameter max_remaps - FAILED
[0;31m[ERROR][0m Test 4: Parameter error_threshold - FAILED
[0;35m--- Device Creation and Basic I/O ---[0m
[0;34m[20:31:54][0m Creating test device files...
[0;31m[ERROR][0m Test 5: Device Creation - FAILED
[0;35m--- Health Scanning System Regression ---[0m
[1;33m[WARNING][0m Test 6: Health Scanner Initialization - WARNING
[1;33m[WARNING][0m Test 7: Background Health Scanning - WARNING
[0;31m[ERROR][0m Test 8: Health Map Creation - FAILED
[1;33m[WARNING][0m Test 9: Health Sysfs Interface - WARNING
[0;35m--- Memory Pool System Regression ---[0m
[0;31m[ERROR][0m Test 10: Memory Pool Type 0 - FAILED
[0;31m[ERROR][0m Test 11: Memory Pool Type 1 - FAILED
[0;31m[ERROR][0m Test 12: Memory Pool Type 2 - FAILED
[0;31m[ERROR][0m Test 13: Memory Pool Type 3 - FAILED
[0;31m[ERROR][0m Test 14: Memory Pool Manager - FAILED
[0;31m[ERROR][0m Test 15: Memory Pool System - FAILED
[1;33m[WARNING][0m Test 16: Memory Pool Sysfs - WARNING
[0;35m--- Hotpath Optimization Regression ---[0m
[0;31m[ERROR][0m Test 17: Hotpath Initialization - FAILED
[1;33m[WARNING][0m Test 18: Hotpath Sysfs Interface - WARNING
[0;35m--- I/O Stress Testing ---[0m
[0;34m[20:31:55][0m Running sequential read stress test...
[0;31m[ERROR][0m Test 19: Sequential Read Stress - FAILED
[0;34m[20:31:55][0m Running sequential write stress test...
[0;32m[SUCCESS][0m Test 20: Sequential Write Stress - PASSED
[0;34m[20:31:55][0m Running random I/O stress test...
[0;32m[SUCCESS][0m Test 21: Random I/O Stress - PASSED
[0;34m[20:31:55][0m Random I/O success rate: 100/100
[0;35m--- Error Handling and Recovery ---[0m
[0;32m[SUCCESS][0m Test 22: Invalid Device Rejection - PASSED
[0;31m[ERROR][0m Test 23: Device Removal - FAILED
[0;35m--- Resource Cleanup Testing ---[0m
[0;31m[ERROR][0m Test 24: Cleanup Test 1 - FAILED
[0;31m[ERROR][0m Test 25: Cleanup Test 2 - FAILED
[0;31m[ERROR][0m Test 26: Cleanup Test 3 - FAILED
[0;31m[ERROR][0m Test 27: Cleanup Test 4 - FAILED
[0;31m[ERROR][0m Test 28: Cleanup Test 5 - FAILED
[0;35m--- Performance Regression Detection ---[0m
[0;34m[20:31:55][0m Running performance regression test...
[0;34m[20:31:55][0m Performance test: 3361.34 MB/s in .002324218s
[0;32m[SUCCESS][0m Test 29: Performance Regression - PASSED
[0;35m--- Memory Leak Detection ---[0m
[0;34m[20:31:55][0m Initial vmalloc memory: 100440 kB
[0;34m[20:31:57][0m Final vmalloc memory: 100344 kB
[0;34m[20:31:57][0m Memory difference: -96 kB
[0;32m[SUCCESS][0m Test 30: Memory Leak Detection - PASSED
[0;36m============================================[0m
[0;36mRegression Test Report[0m
[0;36m============================================[0m
[0;32m[SUCCESS][0m Comprehensive regression report generated: /home/christian/kernel_dev/dm-remap/tests/regression_results/regression_report.txt
[0;31m[ERROR][0m ‚ùå 19 regression test(s) failed. Address issues before Phase 2.
[0;31m[ERROR][0m üîß Regression issues detected - resolve before Phase 2
[0;34m[20:31:57][0m Cleaning up regression test environment...
[0;34m[20:31:57][0m Regression test cleanup completed
